Checking if remote manifest is accessible...
Getting manifests from remote server...

Processing super-manifest https://github.com/cypresssemiconductorco/mtb-super-manifest/raw/v2.X/mtb-super-manifest-fv2.xml...
Successfully acquired the information.

Summary: 

BSP: CY8CPROTO-062-4343W
Template Application(s): Dual-CPU Empty PSoC6 App
Application(s) Root Path: /home/virt-tjz/mtw4

Press "Create" to create the selected application(s).

Collecting application data...


Info: The following entered on the command line will create the exact same project as that created with the GUI tool:
/home/virt-tjz/ModusToolbox/tools_2.3/project-creator/bin/project-creator-cli --board-id CY8CPROTO-062-4343W --board-uri https://github.com/cypresssemiconductorco/TARGET_CY8CPROTO-062-4343W --board-commit latest-v2.X --app-id mtb-example-psoc6-dual-cpu-empty-app --app-uri https://github.com/cypresssemiconductorco/mtb-example-psoc6-dual-cpu-empty-app --app-commit latest-v2.X --cypress-tools /home/virt-tjz/ModusToolbox/tools_2.3 --target-dir /home/virt-tjz/mtw4 --user-app-name VgaStreamer --output-for-machine --use-modus-shell


==============================================================================
= Cloning 'mtb-example-psoc6-dual-cpu-empty-app' =
==============================================================================
Cloning https://github.com/cypresssemiconductorco/mtb-example-psoc6-dual-cpu-empty-app into /home/virt-tjz/mtw4 directory...
env git clone --progress --origin cypress https://github.com/cypresssemiconductorco/mtb-example-psoc6-dual-cpu-empty-app VgaStreamer
Cloning into 'VgaStreamer'...
remote: Enumerating objects: 48, done.        
remote: Counting objects: 100% (48/48), done.        
remote: Compressing objects: 100% (29/29), done.        
remote: Total 48 (delta 17), reused 45 (delta 17), pack-reused 0        

Checking out latest-v2.X...
env git checkout --progress latest-v2.X
Note: switching to 'latest-v2.X'.

You are in 'detached HEAD' state. You can look around, make experimental
changes and commit them, and you can discard any commits you make in this
state without impacting any branches by switching back to a branch.

If you want to create a new branch to retain commits you create, you may
do so (now or later) by using -c with the switch command. Example:

  git switch -c <new-branch-name>

Or undo this operation with:

  git switch -

Turn off this advice by setting config variable advice.detachedHead to false

HEAD is now at 8724e61 Upload mtb-example-psoc6-dual-cpu-empty-app 2.1.0.142

==============================================================================
= Creating "TARGET_CY8CPROTO-062-4343W.mtb" file(s) =
==============================================================================
/home/virt-tjz/mtw4/VgaStreamer/cm0p_app/deps/TARGET_CY8CPROTO-062-4343W.mtb was updated
/home/virt-tjz/mtw4/VgaStreamer/cm0p_app/deps/TARGET_CY8CKIT-062-BLE.mtb was removed
/home/virt-tjz/mtw4/VgaStreamer/cm0p_app/deps/TARGET_CY8CKIT-062-WIFI-BT.mtb was removed
/home/virt-tjz/mtw4/VgaStreamer/cm0p_app/deps/TARGET_CY8CKIT-062S2-43012.mtb was removed
/home/virt-tjz/mtw4/VgaStreamer/cm0p_app/deps/TARGET_CY8CPROTO-062S3-4343W.mtb was removed
/home/virt-tjz/mtw4/VgaStreamer/cm0p_app/deps/TARGET_CY8CPROTO-063-BLE.mtb was removed
/home/virt-tjz/mtw4/VgaStreamer/cm0p_app/deps/TARGET_CYSBSYSKIT-DEV-01.mtb was removed
/home/virt-tjz/mtw4/VgaStreamer/cm0p_app/deps/TARGET_CYW9P62S1-43012EVB-01.mtb was removed
/home/virt-tjz/mtw4/VgaStreamer/cm0p_app/deps/TARGET_CYW9P62S1-43438EVB-01.mtb was removed
/home/virt-tjz/mtw4/VgaStreamer/cm4_app/deps/TARGET_CY8CPROTO-062-4343W.mtb was updated

==============================================================================
= Updating Makefile for "cm0p_app" =
==============================================================================

==============================================================================
= Updating Makefile for "cm4_app" =
==============================================================================
/home/virt-tjz/mtw4/VgaStreamer/cm0p_app/deps/TARGET_CY8CPROTO-062-4343W.mtb was updated

==============================================================================
= Getting Dependencies for "cm0p_app" =
==============================================================================
make getlibs CY_TOOLS_PATHS=/home/virt-tjz/ModusToolbox/tools_2.3
Tools Directory: /home/virt-tjz/ModusToolbox/tools_2.3

==============================================================================
= Importing libraries =
==============================================================================
Git is git version 2.27.0, found at /usr/bin/git

Resolving dependencies...
Checking if remote manifest is accessible...
Processing super-manifest https://github.com/cypresssemiconductorco/mtb-super-manifest/raw/v2.X/mtb-super-manifest-fv2.xml...
Successfully acquired the information.
/home/virt-tjz/mtw4/VgaStreamer/cm0p_app/libs/capsense.mtb was added
/home/virt-tjz/mtw4/VgaStreamer/cm0p_app/libs/core-lib.mtb was added
/home/virt-tjz/mtw4/VgaStreamer/cm0p_app/libs/core-make.mtb was added
/home/virt-tjz/mtw4/VgaStreamer/cm0p_app/libs/mtb-hal-cat1.mtb was added
/home/virt-tjz/mtw4/VgaStreamer/cm0p_app/libs/mtb-pdl-cat1.mtb was added
/home/virt-tjz/mtw4/VgaStreamer/cm0p_app/libs/psoc6cm0p.mtb was added
/home/virt-tjz/mtw4/VgaStreamer/cm0p_app/libs/recipe-make-cat1a.mtb was added
Dependencies resolved.

Searching application directory (.mtb)...
Found 8 .mtb file(s)
    Processing file "/home/virt-tjz/mtw4/VgaStreamer/cm0p_app/deps/TARGET_CY8CPROTO-062-4343W.mtb"
    Processing file "/home/virt-tjz/mtw4/VgaStreamer/cm0p_app/libs/capsense.mtb"
    Processing file "/home/virt-tjz/mtw4/VgaStreamer/cm0p_app/libs/core-lib.mtb"
    Processing file "/home/virt-tjz/mtw4/VgaStreamer/cm0p_app/libs/core-make.mtb"
    Processing file "/home/virt-tjz/mtw4/VgaStreamer/cm0p_app/libs/mtb-hal-cat1.mtb"
    Processing file "/home/virt-tjz/mtw4/VgaStreamer/cm0p_app/libs/mtb-pdl-cat1.mtb"
    Processing file "/home/virt-tjz/mtw4/VgaStreamer/cm0p_app/libs/psoc6cm0p.mtb"
    Processing file "/home/virt-tjz/mtw4/VgaStreamer/cm0p_app/libs/recipe-make-cat1a.mtb"
Libraries processed.
Created file "/home/virt-tjz/mtw4/VgaStreamer/cm0p_app/libs/mtb.mk".


==============================================================================
= Import complete =
==============================================================================

Project "VgaStreamer.cm0p_app" created successfully.
/home/virt-tjz/mtw4/VgaStreamer/cm4_app/deps/TARGET_CY8CPROTO-062-4343W.mtb was updated
/home/virt-tjz/mtw4/VgaStreamer/cm4_app/deps/retarget-io.mtb was updated

==============================================================================
= Getting Dependencies for "cm4_app" =
==============================================================================
make getlibs CY_TOOLS_PATHS=/home/virt-tjz/ModusToolbox/tools_2.3
Tools Directory: /home/virt-tjz/ModusToolbox/tools_2.3
/home/virt-tjz/ModusToolbox/tools_2.3/modus-shell/bin/make -C ../cm0p_app/ getlibs
make[1]: Entering directory '/home/virt-tjz/mtw4/VgaStreamer/cm0p_app'
Tools Directory: /home/virt-tjz/ModusToolbox/tools_2.3
CY8CPROTO-062-4343W.mk: ./libs/TARGET_CY8CPROTO-062-4343W/CY8CPROTO-062-4343W.mk

==============================================================================
= Importing libraries =
==============================================================================
Git is git version 2.27.0, found at /usr/bin/git

Resolving dependencies...
Checking if remote manifest is accessible...
Processing super-manifest https://github.com/cypresssemiconductorco/mtb-super-manifest/raw/v2.X/mtb-super-manifest-fv2.xml...
Successfully acquired the information.
Nothing to update.
Dependencies resolved.

Searching application directory (.mtb)...
Found 8 .mtb file(s)
    Processing file "/home/virt-tjz/mtw4/VgaStreamer/cm0p_app/deps/TARGET_CY8CPROTO-062-4343W.mtb"
    Processing file "/home/virt-tjz/mtw4/VgaStreamer/cm0p_app/libs/capsense.mtb"
    Processing file "/home/virt-tjz/mtw4/VgaStreamer/cm0p_app/libs/core-lib.mtb"
    Processing file "/home/virt-tjz/mtw4/VgaStreamer/cm0p_app/libs/core-make.mtb"
    Processing file "/home/virt-tjz/mtw4/VgaStreamer/cm0p_app/libs/mtb-hal-cat1.mtb"
    Processing file "/home/virt-tjz/mtw4/VgaStreamer/cm0p_app/libs/mtb-pdl-cat1.mtb"
    Processing file "/home/virt-tjz/mtw4/VgaStreamer/cm0p_app/libs/psoc6cm0p.mtb"
    Processing file "/home/virt-tjz/mtw4/VgaStreamer/cm0p_app/libs/recipe-make-cat1a.mtb"
Libraries processed.
Created file "/home/virt-tjz/mtw4/VgaStreamer/cm0p_app/libs/mtb.mk".


==============================================================================
= Import complete =
==============================================================================

make[1]: Leaving directory '/home/virt-tjz/mtw4/VgaStreamer/cm0p_app'

==============================================================================
= Importing libraries =
==============================================================================
Git is git version 2.27.0, found at /usr/bin/git

Resolving dependencies...
Checking if remote manifest is accessible...
Processing super-manifest https://github.com/cypresssemiconductorco/mtb-super-manifest/raw/v2.X/mtb-super-manifest-fv2.xml...
Successfully acquired the information.
/home/virt-tjz/mtw4/VgaStreamer/cm4_app/libs/capsense.mtb was added
/home/virt-tjz/mtw4/VgaStreamer/cm4_app/libs/core-lib.mtb was added
/home/virt-tjz/mtw4/VgaStreamer/cm4_app/libs/core-make.mtb was added
/home/virt-tjz/mtw4/VgaStreamer/cm4_app/libs/mtb-hal-cat1.mtb was added
/home/virt-tjz/mtw4/VgaStreamer/cm4_app/libs/mtb-pdl-cat1.mtb was added
/home/virt-tjz/mtw4/VgaStreamer/cm4_app/libs/psoc6cm0p.mtb was added
/home/virt-tjz/mtw4/VgaStreamer/cm4_app/libs/recipe-make-cat1a.mtb was added
Dependencies resolved.

Searching application directory (.mtb)...
Found 9 .mtb file(s)
    Processing file "/home/virt-tjz/mtw4/VgaStreamer/cm4_app/deps/retarget-io.mtb"
    Processing file "/home/virt-tjz/mtw4/VgaStreamer/cm4_app/deps/TARGET_CY8CPROTO-062-4343W.mtb"
    Processing file "/home/virt-tjz/mtw4/VgaStreamer/cm4_app/libs/capsense.mtb"
    Processing file "/home/virt-tjz/mtw4/VgaStreamer/cm4_app/libs/core-lib.mtb"
    Processing file "/home/virt-tjz/mtw4/VgaStreamer/cm4_app/libs/core-make.mtb"
    Processing file "/home/virt-tjz/mtw4/VgaStreamer/cm4_app/libs/mtb-hal-cat1.mtb"
    Processing file "/home/virt-tjz/mtw4/VgaStreamer/cm4_app/libs/mtb-pdl-cat1.mtb"
    Processing file "/home/virt-tjz/mtw4/VgaStreamer/cm4_app/libs/psoc6cm0p.mtb"
    Processing file "/home/virt-tjz/mtw4/VgaStreamer/cm4_app/libs/recipe-make-cat1a.mtb"
Libraries processed.
Created file "/home/virt-tjz/mtw4/VgaStreamer/cm4_app/libs/mtb.mk".


==============================================================================
= Import complete =
==============================================================================

Project "VgaStreamer.cm4_app" created successfully.
==============================================================================
= Export "VgaStreamer.cm0p_app" application to Eclipse IDE for ModusToolbox =
==============================================================================
make eclipse CY_IDE_PRJNAME=VgaStreamer.cm0p_app CY_MAKE_IDE=eclipse CY_MAKE_IDE_VERSION=2.3 CY_TOOLS_PATHS=/home/virt-tjz/ModusToolbox/tools_2.3
Tools Directory: /home/virt-tjz/ModusToolbox/tools_2.3
CY8CPROTO-062-4343W.mk: ./libs/TARGET_CY8CPROTO-062-4343W/CY8CPROTO-062-4343W.mk

Prebuild operations complete
Commencing build operations...

Tools Directory: /home/virt-tjz/ModusToolbox/tools_2.3
CY8CPROTO-062-4343W.mk: ./libs/TARGET_CY8CPROTO-062-4343W/CY8CPROTO-062-4343W.mk

Initializing build: cy_m0p_image Debug CY8CPROTO-062-4343W GCC_ARM

Auto-discovery in progress...
-> Found 181 .c file(s)
-> Found 46 .S file(s)
-> Found 22 .s file(s)
-> Found 0 .cpp file(s)
-> Found 0 .o file(s)
-> Found 6 .a file(s)
-> Found 485 .h file(s)
-> Found 0 .hpp file(s)
-> Found 0 resource file(s)
Applying filters...
Auto-discovery complete

Constructing build rules...
Build rules construction complete

==============================================================================
= Generating IDE files =
==============================================================================

Generated Eclipse launch config files:  "VgaStreamer.cm0p_app Attach CM0+ (JLink).launch" "VgaStreamer.cm0p_app Attach CM0+ (KitProg3_MiniProg4).launch" "VgaStreamer.cm0p_app Debug CM0+ (JLink).launch" "VgaStreamer.cm0p_app Debug CM0+ (KitProg3_MiniProg4).launch" "VgaStreamer.cm0p_app Erase CM0+ (JLink).launch" "VgaStreamer.cm0p_app Erase CM0+ (KitProg3_MiniProg4).launch" "VgaStreamer.cm0p_app Program CM0+ (JLink).launch" "VgaStreamer.cm0p_app Program CM0+ (KitProg3_MiniProg4).launch"
  
The project "VgaStreamer.cm0p_app" was successfully exported to Eclipse IDE for ModusToolbox.
==============================================================================
= Export "VgaStreamer.cm4_app" application to Eclipse IDE for ModusToolbox =
==============================================================================
make eclipse CY_IDE_PRJNAME=VgaStreamer.cm4_app CY_MAKE_IDE=eclipse CY_MAKE_IDE_VERSION=2.3 CY_TOOLS_PATHS=/home/virt-tjz/ModusToolbox/tools_2.3
Tools Directory: /home/virt-tjz/ModusToolbox/tools_2.3
CY8CPROTO-062-4343W.mk: ./libs/TARGET_CY8CPROTO-062-4343W/CY8CPROTO-062-4343W.mk
Building dependent apps

==============================================================================
= Dependent app cm0p_app =
==============================================================================
Tools Directory: /home/virt-tjz/ModusToolbox/tools_2.3
CY8CPROTO-062-4343W.mk: ./libs/TARGET_CY8CPROTO-062-4343W/CY8CPROTO-062-4343W.mk

Prebuild operations complete
Commencing build operations...

Tools Directory: /home/virt-tjz/ModusToolbox/tools_2.3
CY8CPROTO-062-4343W.mk: ./libs/TARGET_CY8CPROTO-062-4343W/CY8CPROTO-062-4343W.mk

Initializing build: cy_m0p_image Debug CY8CPROTO-062-4343W GCC_ARM

Auto-discovery in progress...
-> Found 181 .c file(s)
-> Found 46 .S file(s)
-> Found 22 .s file(s)
-> Found 0 .cpp file(s)
-> Found 0 .o file(s)
-> Found 6 .a file(s)
-> Found 485 .h file(s)
-> Found 0 .hpp file(s)
-> Found 0 resource file(s)
Applying filters...
Auto-discovery complete

Constructing build rules...
Build rules construction complete

==============================================================================
= Generating IDE files =
==============================================================================

Generated Eclipse launch config files:  "VgaStreamer.cm4_app Attach CM0+ (JLink).launch" "VgaStreamer.cm4_app Attach CM0+ (KitProg3_MiniProg4).launch" "VgaStreamer.cm4_app Debug CM0+ (JLink).launch" "VgaStreamer.cm4_app Debug CM0+ (KitProg3_MiniProg4).launch" "VgaStreamer.cm4_app Erase CM0+ (JLink).launch" "VgaStreamer.cm4_app Erase CM0+ (KitProg3_MiniProg4).launch" "VgaStreamer.cm4_app Program CM0+ (JLink).launch" "VgaStreamer.cm4_app Program CM0+ (KitProg3_MiniProg4).launch"
  
==============================================================================

Dependent apps build complete

Prebuild operations complete
Commencing build operations...

Tools Directory: /home/virt-tjz/ModusToolbox/tools_2.3
CY8CPROTO-062-4343W.mk: ./libs/TARGET_CY8CPROTO-062-4343W/CY8CPROTO-062-4343W.mk

Initializing build: mtb-example-psoc6-dual-cpu-empty-app Debug CY8CPROTO-062-4343W GCC_ARM

Auto-discovery in progress...
-> Found 182 .c file(s)
-> Found 46 .S file(s)
-> Found 22 .s file(s)
-> Found 0 .cpp file(s)
-> Found 0 .o file(s)
-> Found 6 .a file(s)
-> Found 486 .h file(s)
-> Found 0 .hpp file(s)
-> Found 0 resource file(s)
Applying filters...
Auto-discovery complete

Constructing build rules...
Build rules construction complete

==============================================================================
= Generating IDE files =
==============================================================================

Generated Eclipse launch config files:  "VgaStreamer.cm4_app Attach (JLink).launch" "VgaStreamer.cm4_app Attach (KitProg3_MiniProg4).launch" "VgaStreamer.cm4_app Debug (JLink).launch" "VgaStreamer.cm4_app Debug (KitProg3_MiniProg4).launch" "VgaStreamer.cm4_app Erase (JLink).launch" "VgaStreamer.cm4_app Erase (KitProg3_MiniProg4).launch" "VgaStreamer.cm4_app Program (JLink).launch" "VgaStreamer.cm4_app Program (KitProg3_MiniProg4).launch"
  
The project "VgaStreamer.cm4_app" was successfully exported to Eclipse IDE for ModusToolbox.

Successfully created and exported "VgaStreamer" application.
